# JRE version: OpenJDK Runtime Environment Temurin-21.0.11+10 (21.0.11+10) (build 21.0.11+10-LTS)
# Java VM: OpenJDK 64-Bit Server VM Temurin-21.0.11+10 (21.0.11+10-LTS, mixed mode, sharing, tiered, compressed oops, compressed class ptrs, parallel gc, windows-amd64)
GC Precious Log:
 CardTable entry size: 512
 CPUs: 16 total, 16 available
 Memory: 15661M
 Large Page Support: Disabled
 NUMA Support: Disabled
 Compressed Oops: Enabled (32-bit)
 Alignments: Space 512K, Generation 512K, Heap 2M
 Heap Min Capacity: 100M
 Heap Initial Capacity: 100M
 Heap Max Capacity: 2G
 Pre-touch: Disabled
 Parallel Workers: 13
Heap:
 PSYoungGen      total 23040K, used 3972K [0x00000000d5580000, 0x00000000d7600000, 0x0000000100000000)
  eden space 22016K, 15% used [0x00000000d5580000,0x00000000d58c91f0,0x00000000d6b00000)
  from space 1024K, 59% used [0x00000000d7500000,0x00000000d7598000,0x00000000d7600000)
  to   space 1024K, 0% used [0x00000000d7400000,0x00000000d7400000,0x00000000d7500000)
 ParOldGen       total 68608K, used 49878K [0x0000000080000000, 0x0000000084300000, 0x00000000d5580000)
  object space 68608K, 72% used [0x0000000080000000,0x00000000830b5878,0x0000000084300000)
 Metaspace       used 57124K, committed 58368K, reserved 1114112K
  class space    used 6900K, committed 7488K, reserved 1048576K
GC Heap History (20 events):
Event: 9.645 GC heap before
{Heap before GC invocations=20 (full 2):
 PSYoungGen      total 24576K, used 24564K [0x00000000d5580000, 0x00000000d8000000, 0x0000000100000000)
  eden space 22016K, 100% used [0x00000000d5580000,0x00000000d6b00000,0x00000000d6b00000)
  from space 2560K, 99% used [0x00000000d6b00000,0x00000000d6d7d1b8,0x00000000d6d80000)
  to   space 10752K, 0% used [0x00000000d7580000,0x00000000d7580000,0x00000000d8000000)
 ParOldGen       total 68608K, used 27285K [0x0000000080000000, 0x0000000084300000, 0x00000000d5580000)
  object space 68608K, 39% used [0x0000000080000000,0x0000000081aa5578,0x0000000084300000)
 Metaspace       used 44431K, committed 45632K, reserved 1114112K
  class space    used 4972K, committed 5504K, reserved 1048576K
}
Event: 9.649 GC heap after
{Heap after GC invocations=20 (full 2):
 PSYoungGen      total 23040K, used 1024K [0x00000000d5580000, 0x00000000d7680000, 0x0000000100000000)
  eden space 22016K, 0% used [0x00000000d5580000,0x00000000d5580000,0x00000000d6b00000)
  from space 1024K, 100% used [0x00000000d7580000,0x00000000d7680000,0x00000000d7680000)
  to   space 4096K, 0% used [0x00000000d6e80000,0x00000000d6e80000,0x00000000d7280000)
 ParOldGen       total 68608K, used 29735K [0x0000000080000000, 0x0000000084300000, 0x00000000d5580000)
  object space 68608K, 43% used [0x0000000080000000,0x0000000081d09f88,0x0000000084300000)
 Metaspace       used 44431K, committed 45632K, reserved 1114112K
  class space    used 4972K, committed 5504K, reserved 1048576K
}
Event: 10.427 GC heap before
{Heap before GC invocations=21 (full 2):
 PSYoungGen      total 23040K, used 23040K [0x00000000d5580000, 0x00000000d7680000, 0x0000000100000000)
  eden space 22016K, 100% used [0x00000000d5580000,0x00000000d6b00000,0x00000000d6b00000)
  from space 1024K, 100% used [0x00000000d7580000,0x00000000d7680000,0x00000000d7680000)
  to   space 4096K, 0% used [0x00000000d6e80000,0x00000000d6e80000,0x00000000d7280000)
 ParOldGen       total 68608K, used 29735K [0x0000000080000000, 0x0000000084300000, 0x00000000d5580000)
  object space 68608K, 43% used [0x0000000080000000,0x0000000081d09f88,0x0000000084300000)
 Metaspace       used 46657K, committed 47872K, reserved 1114112K
  class space    used 5311K, committed 5888K, reserved 1048576K
}
Event: 10.432 GC heap after
{Heap after GC invocations=21 (full 2):
 PSYoungGen      total 26112K, used 1504K [0x00000000d5580000, 0x00000000d7600000, 0x0000000100000000)
  eden space 22016K, 0% used [0x00000000d5580000,0x00000000d5580000,0x00000000d6b00000)
  from space 4096K, 36% used [0x00000000d6e80000,0x00000000d6ff8000,0x00000000d7280000)
  to   space 2048K, 0% used [0x00000000d7400000,0x00000000d7400000,0x00000000d7600000)
 ParOldGen       total 68608K, used 30551K [0x0000000080000000, 0x0000000084300000, 0x00000000d5580000)
  object space 68608K, 44% used [0x0000000080000000,0x0000000081dd5c88,0x0000000084300000)
 Metaspace       used 46657K, committed 47872K, reserved 1114112K
  class space    used 5311K, committed 5888K, reserved 1048576K
}
Event: 10.967 GC heap before
{Heap before GC invocations=22 (full 2):
 PSYoungGen      total 26112K, used 23517K [0x00000000d5580000, 0x00000000d7600000, 0x0000000100000000)
  eden space 22016K, 99% used [0x00000000d5580000,0x00000000d6aff5f8,0x00000000d6b00000)
  from space 4096K, 36% used [0x00000000d6e80000,0x00000000d6ff8000,0x00000000d7280000)
  to   space 2048K, 0% used [0x00000000d7400000,0x00000000d7400000,0x00000000d7600000)
 ParOldGen       total 68608K, used 30551K [0x0000000080000000, 0x0000000084300000, 0x00000000d5580000)
  object space 68608K, 44% used [0x0000000080000000,0x0000000081dd5c88,0x0000000084300000)
 Metaspace       used 48641K, committed 49856K, reserved 1114112K
  class space    used 5587K, committed 6144K, reserved 1048576K
}
Event: 10.972 GC heap after
{Heap after GC invocations=22 (full 2):
 PSYoungGen      total 23552K, used 1344K [0x00000000d5580000, 0x00000000d7580000, 0x0000000100000000)
  eden space 22016K, 0% used [0x00000000d5580000,0x00000000d5580000,0x00000000d6b00000)
  from space 1536K, 87% used [0x00000000d7400000,0x00000000d7550000,0x00000000d7580000)
  to   space 1536K, 0% used [0x00000000d7280000,0x00000000d7280000,0x00000000d7400000)
 ParOldGen       total 68608K, used 31831K [0x0000000080000000, 0x0000000084300000, 0x00000000d5580000)
  object space 68608K, 46% used [0x0000000080000000,0x0000000081f15c98,0x0000000084300000)
 Metaspace       used 48641K, committed 49856K, reserved 1114112K
  class space    used 5587K, committed 6144K, reserved 1048576K
}
Event: 11.469 GC heap before
{Heap before GC invocations=23 (full 2):
 PSYoungGen      total 23552K, used 23360K [0x00000000d5580000, 0x00000000d7580000, 0x0000000100000000)
  eden space 22016K, 100% used [0x00000000d5580000,0x00000000d6b00000,0x00000000d6b00000)
  from space 1536K, 87% used [0x00000000d7400000,0x00000000d7550000,0x00000000d7580000)
  to   space 1536K, 0% used [0x00000000d7280000,0x00000000d7280000,0x00000000d7400000)
 ParOldGen       total 68608K, used 31831K [0x0000000080000000, 0x0000000084300000, 0x00000000d5580000)
  object space 68608K, 46% used [0x0000000080000000,0x0000000081f15c98,0x0000000084300000)
 Metaspace       used 48972K, committed 50112K, reserved 1114112K
  class space    used 5618K, committed 6144K, reserved 1048576K
}
Event: 11.471 GC heap after
{Heap after GC invocations=23 (full 2):
 PSYoungGen      total 23040K, used 768K [0x00000000d5580000, 0x00000000d7480000, 0x0000000100000000)
  eden space 22016K, 0% used [0x00000000d5580000,0x00000000d5580000,0x00000000d6b00000)
  from space 1024K, 75% used [0x00000000d7280000,0x00000000d7340000,0x00000000d7380000)
  to   space 1024K, 0% used [0x00000000d7380000,0x00000000d7380000,0x00000000d7480000)
 ParOldGen       total 68608K, used 32839K [0x0000000080000000, 0x0000000084300000, 0x00000000d5580000)
  object space 68608K, 47% used [0x0000000080000000,0x0000000082011eb8,0x0000000084300000)
 Metaspace       used 48972K, committed 50112K, reserved 1114112K
  class space    used 5618K, committed 6144K, reserved 1048576K
}
Event: 11.903 GC heap before
{Heap before GC invocations=24 (full 2):
 PSYoungGen      total 23040K, used 22150K [0x00000000d5580000, 0x00000000d7480000, 0x0000000100000000)
  eden space 22016K, 97% used [0x00000000d5580000,0x00000000d6a61bb8,0x00000000d6b00000)
  from space 1024K, 75% used [0x00000000d7280000,0x00000000d7340000,0x00000000d7380000)
  to   space 1024K, 0% used [0x00000000d7380000,0x00000000d7380000,0x00000000d7480000)
 ParOldGen       total 68608K, used 32839K [0x0000000080000000, 0x0000000084300000, 0x00000000d5580000)
  object space 68608K, 47% used [0x0000000080000000,0x0000000082011eb8,0x0000000084300000)
 Metaspace       used 48978K, committed 50112K, reserved 1114112K
  class space    used 5618K, committed 6144K, reserved 1048576K
}
Event: 11.905 GC heap after
{Heap after GC invocations=24 (full 2):
 PSYoungGen      total 23040K, used 1014K [0x00000000d5580000, 0x00000000d7480000, 0x0000000100000000)
  eden space 22016K, 0% used [0x00000000d5580000,0x00000000d5580000,0x00000000d6b00000)
  from space 1024K, 99% used [0x00000000d7380000,0x00000000d747d998,0x00000000d7480000)
  to   space 3072K, 0% used [0x00000000d6e80000,0x00000000d6e80000,0x00000000d7180000)
 ParOldGen       total 68608K, used 34511K [0x0000000080000000, 0x0000000084300000, 0x00000000d5580000)
  object space 68608K, 50% used [0x0000000080000000,0x00000000821b3ea8,0x0000000084300000)
 Metaspace       used 48978K, committed 50112K, reserved 1114112K
  class space    used 5618K, committed 6144K, reserved 1048576K
}
Event: 12.231 GC heap before
{Heap before GC invocations=25 (full 2):
 PSYoungGen      total 23040K, used 23030K [0x00000000d5580000, 0x00000000d7480000, 0x0000000100000000)
  eden space 22016K, 100% used [0x00000000d5580000,0x00000000d6b00000,0x00000000d6b00000)
  from space 1024K, 99% used [0x00000000d7380000,0x00000000d747d998,0x00000000d7480000)
  to   space 3072K, 0% used [0x00000000d6e80000,0x00000000d6e80000,0x00000000d7180000)
 ParOldGen       total 68608K, used 34511K [0x0000000080000000, 0x0000000084300000, 0x00000000d5580000)
  object space 68608K, 50% used [0x0000000080000000,0x00000000821b3ea8,0x0000000084300000)
 Metaspace       used 49614K, committed 50816K, reserved 1114112K
  class space    used 5757K, committed 6336K, reserved 1048576K
}
Event: 12.233 GC heap after
{Heap after GC invocations=25 (full 2):
 PSYoungGen      total 25088K, used 3069K [0x00000000d5580000, 0x00000000d7500000, 0x0000000100000000)
  eden space 22016K, 0% used [0x00000000d5580000,0x00000000d5580000,0x00000000d6b00000)
  from space 3072K, 99% used [0x00000000d6e80000,0x00000000d717f4e8,0x00000000d7180000)
  to   space 3584K, 0% used [0x00000000d7180000,0x00000000d7180000,0x00000000d7500000)
 ParOldGen       total 68608K, used 36019K [0x0000000080000000, 0x0000000084300000, 0x00000000d5580000)
  object space 68608K, 52% used [0x0000000080000000,0x000000008232ccf8,0x0000000084300000)
 Metaspace       used 49614K, committed 50816K, reserved 1114112K
  class space    used 5757K, committed 6336K, reserved 1048576K
}
Event: 12.581 GC heap before
{Heap before GC invocations=26 (full 2):
 PSYoungGen      total 25088K, used 25085K [0x00000000d5580000, 0x00000000d7500000, 0x0000000100000000)
  eden space 22016K, 100% used [0x00000000d5580000,0x00000000d6b00000,0x00000000d6b00000)
  from space 3072K, 99% used [0x00000000d6e80000,0x00000000d717f4e8,0x00000000d7180000)
  to   space 3584K, 0% used [0x00000000d7180000,0x00000000d7180000,0x00000000d7500000)
 ParOldGen       total 68608K, used 36019K [0x0000000080000000, 0x0000000084300000, 0x00000000d5580000)
  object space 68608K, 52% used [0x0000000080000000,0x000000008232ccf8,0x0000000084300000)
 Metaspace       used 52092K, committed 53376K, reserved 1114112K
  class space    used 6166K, committed 6784K, reserved 1048576K
}
Event: 12.583 GC heap after
{Heap after GC invocations=26 (full 2):
 PSYoungGen      total 23040K, used 880K [0x00000000d5580000, 0x00000000d7280000, 0x0000000100000000)
  eden space 22016K, 0% used [0x00000000d5580000,0x00000000d5580000,0x00000000d6b00000)
  from space 1024K, 85% used [0x00000000d7180000,0x00000000d725c010,0x00000000d7280000)
  to   space 2560K, 0% used [0x00000000d6d80000,0x00000000d6d80000,0x00000000d7000000)
 ParOldGen       total 68608K, used 39057K [0x0000000080000000, 0x0000000084300000, 0x00000000d5580000)
  object space 68608K, 56% used [0x0000000080000000,0x0000000082624400,0x0000000084300000)
 Metaspace       used 52092K, committed 53376K, reserved 1114112K
  class space    used 6166K, committed 6784K, reserved 1048576K
}
Event: 12.764 GC heap before
{Heap before GC invocations=27 (full 2):
 PSYoungGen      total 23040K, used 22896K [0x00000000d5580000, 0x00000000d7280000, 0x0000000100000000)
  eden space 22016K, 100% used [0x00000000d5580000,0x00000000d6b00000,0x00000000d6b00000)
  from space 1024K, 85% used [0x00000000d7180000,0x00000000d725c010,0x00000000d7280000)
  to   space 2560K, 0% used [0x00000000d6d80000,0x00000000d6d80000,0x00000000d7000000)
 ParOldGen       total 68608K, used 39057K [0x0000000080000000, 0x0000000084300000, 0x00000000d5580000)
  object space 68608K, 56% used [0x0000000080000000,0x0000000082624400,0x0000000084300000)
 Metaspace       used 53263K, committed 54528K, reserved 1114112K
  class space    used 6376K, committed 6976K, reserved 1048576K
}
Event: 12.768 GC heap after
{Heap after GC invocations=27 (full 2):
 PSYoungGen      total 24576K, used 2552K [0x00000000d5580000, 0x00000000d8100000, 0x0000000100000000)
  eden space 22016K, 0% used [0x00000000d5580000,0x00000000d5580000,0x00000000d6b00000)
  from space 2560K, 99% used [0x00000000d6d80000,0x00000000d6ffe1b0,0x00000000d7000000)
  to   space 11264K, 0% used [0x00000000d7600000,0x00000000d7600000,0x00000000d8100000)
 ParOldGen       total 68608K, used 45975K [0x0000000080000000, 0x0000000084300000, 0x00000000d5580000)
  object space 68608K, 67% used [0x0000000080000000,0x0000000082ce5cf8,0x0000000084300000)
 Metaspace       used 53263K, committed 54528K, reserved 1114112K
  class space    used 6376K, committed 6976K, reserved 1048576K
}
Event: 13.007 GC heap before
{Heap before GC invocations=28 (full 2):
 PSYoungGen      total 24576K, used 24568K [0x00000000d5580000, 0x00000000d8100000, 0x0000000100000000)
  eden space 22016K, 100% used [0x00000000d5580000,0x00000000d6b00000,0x00000000d6b00000)
  from space 2560K, 99% used [0x00000000d6d80000,0x00000000d6ffe1b0,0x00000000d7000000)
  to   space 11264K, 0% used [0x00000000d7600000,0x00000000d7600000,0x00000000d8100000)
 ParOldGen       total 68608K, used 45975K [0x0000000080000000, 0x0000000084300000, 0x00000000d5580000)
  object space 68608K, 67% used [0x0000000080000000,0x0000000082ce5cf8,0x0000000084300000)
 Metaspace       used 55201K, committed 56512K, reserved 1114112K
  class space    used 6629K, committed 7232K, reserved 1048576K
}
Event: 13.009 GC heap after
{Heap after GC invocations=28 (full 2):
 PSYoungGen      total 23040K, used 736K [0x00000000d5580000, 0x00000000d7700000, 0x0000000100000000)
  eden space 22016K, 0% used [0x00000000d5580000,0x00000000d5580000,0x00000000d6b00000)
  from space 1024K, 71% used [0x00000000d7600000,0x00000000d76b8020,0x00000000d7700000)
  to   space 4096K, 0% used [0x00000000d6f00000,0x00000000d6f00000,0x00000000d7300000)
 ParOldGen       total 68608K, used 48494K [0x0000000080000000, 0x0000000084300000, 0x00000000d5580000)
  object space 68608K, 70% used [0x0000000080000000,0x0000000082f5b848,0x0000000084300000)
 Metaspace       used 55201K, committed 56512K, reserved 1114112K
  class space    used 6629K, committed 7232K, reserved 1048576K
}
Event: 13.343 GC heap before
{Heap before GC invocations=29 (full 2):
 PSYoungGen      total 23040K, used 22752K [0x00000000d5580000, 0x00000000d7700000, 0x0000000100000000)
  eden space 22016K, 100% used [0x00000000d5580000,0x00000000d6b00000,0x00000000d6b00000)
  from space 1024K, 71% used [0x00000000d7600000,0x00000000d76b8020,0x00000000d7700000)
  to   space 4096K, 0% used [0x00000000d6f00000,0x00000000d6f00000,0x00000000d7300000)
 ParOldGen       total 68608K, used 48494K [0x0000000080000000, 0x0000000084300000, 0x00000000d5580000)
  object space 68608K, 70% used [0x0000000080000000,0x0000000082f5b848,0x0000000084300000)
 Metaspace       used 56973K, committed 58240K, reserved 1114112K
  class space    used 6885K, committed 7488K, reserved 1048576K
}
Event: 13.344 GC heap after
{Heap after GC invocations=29 (full 2):
 PSYoungGen      total 26112K, used 1088K [0x00000000d5580000, 0x00000000d7680000, 0x0000000100000000)
  eden space 22016K, 0% used [0x00000000d5580000,0x00000000d5580000,0x00000000d6b00000)
  from space 4096K, 26% used [0x00000000d6f00000,0x00000000d7010000,0x00000000d7300000)
  to   space 1536K, 0% used [0x00000000d7500000,0x00000000d7500000,0x00000000d7680000)
 ParOldGen       total 68608K, used 48990K [0x0000000080000000, 0x0000000084300000, 0x00000000d5580000)
  object space 68608K, 71% used [0x0000000080000000,0x0000000082fd7878,0x0000000084300000)
 Metaspace       used 56973K, committed 58240K, reserved 1114112K
  class space    used 6885K, committed 7488K, reserved 1048576K
}

